<?xml version="1.0" encoding="UTF-8"?>
<!-- Generated by org.testng.reporters.JUnitReportReporter -->
<testsuite hostname="LAPTOP-5FQQ2AJ6" failures="0" tests="2" name="testclasses.Cartpagetest" time="43.826" errors="0" timestamp="2026-03-27T18:21:29 IST" skipped="0">
  <testcase classname="testclasses.Cartpagetest" name="verifyCartHappyFlow" time="19.990"/>
  <testcase classname="testclasses.Cartpagetest" name="testRemoveProductFromCart" time="23.836"/>
</testsuite> <!-- testclasses.Cartpagetest -->
