<?xml version="1.0" encoding="UTF-8"?>
<!-- Generated by org.testng.reporters.JUnitReportReporter -->
<testsuite hostname="LAPTOP-5FQQ2AJ6" failures="0" tests="7" name="testclasses.Blogpagetest" time="94.568" errors="0" timestamp="2026-03-27T18:17:56 IST" skipped="0">
  <testcase classname="testclasses.Blogpagetest" name="testOpenBlogPage" time="13.785"/>
  <testcase classname="testclasses.Blogpagetest" name="testBlogPostsDisplayed" time="17.279"/>
  <testcase classname="testclasses.Blogpagetest" name="testClickBlogPost" time="13.107"/>
  <testcase classname="testclasses.Blogpagetest" name="testBlogDetails" time="13.639"/>
  <testcase classname="testclasses.Blogpagetest" name="testBlogImagesDisplayed" time="12.871"/>
  <testcase classname="testclasses.Blogpagetest" name="testNavigateBackToBlogList" time="13.994"/>
  <testcase classname="testclasses.Blogpagetest" name="testInvalidBlogURL" time="9.893"/>
</testsuite> <!-- testclasses.Blogpagetest -->
